2017-09-01T21:16:42,093 [ERROR] (    AbstractJDBCDao.java: 221) - On update modify more then 1 record: 
2017-09-01T21:16:42,094 [ERROR] (    AbstractJDBCDao.java: 228) - Cannot update Object Course4 [name=Math, duration=12, groups=0, professors=0]
main.dao.PersistException: On update modify more then 1 record: 0
	at main.dao.AbstractJDBCDao.update(AbstractJDBCDao.java:222) [bin/:?]
	at test.dao.CourseDAOTest.testUpdate(CourseDAOTest.java:101) [bin/:?]
	at sun.reflect.NativeMethodAccessorImpl.invoke0(Native Method) ~[?:1.8.0_144]
	at sun.reflect.NativeMethodAccessorImpl.invoke(Unknown Source) ~[?:1.8.0_144]
	at sun.reflect.DelegatingMethodAccessorImpl.invoke(Unknown Source) ~[?:1.8.0_144]
	at java.lang.reflect.Method.invoke(Unknown Source) ~[?:1.8.0_144]
	at org.junit.runners.model.FrameworkMethod$1.runReflectiveCall(FrameworkMethod.java:47) [junit.jar:?]
	at org.junit.internal.runners.model.ReflectiveCallable.run(ReflectiveCallable.java:12) [junit.jar:?]
	at org.junit.runners.model.FrameworkMethod.invokeExplosively(FrameworkMethod.java:44) [junit.jar:?]
	at org.junit.internal.runners.statements.InvokeMethod.evaluate(InvokeMethod.java:17) [junit.jar:?]
	at org.junit.internal.runners.statements.RunBefores.evaluate(RunBefores.java:26) [junit.jar:?]
	at org.junit.internal.runners.statements.RunAfters.evaluate(RunAfters.java:27) [junit.jar:?]
	at org.junit.runners.ParentRunner.runLeaf(ParentRunner.java:271) [junit.jar:?]
	at org.junit.runners.BlockJUnit4ClassRunner.runChild(BlockJUnit4ClassRunner.java:70) [junit.jar:?]
	at org.junit.runners.BlockJUnit4ClassRunner.runChild(BlockJUnit4ClassRunner.java:50) [junit.jar:?]
	at org.junit.runners.ParentRunner$3.run(ParentRunner.java:238) [junit.jar:?]
	at org.junit.runners.ParentRunner$1.schedule(ParentRunner.java:63) [junit.jar:?]
	at org.junit.runners.ParentRunner.runChildren(ParentRunner.java:236) [junit.jar:?]
	at org.junit.runners.ParentRunner.access$000(ParentRunner.java:53) [junit.jar:?]
	at org.junit.runners.ParentRunner$2.evaluate(ParentRunner.java:229) [junit.jar:?]
	at org.junit.runners.ParentRunner.run(ParentRunner.java:309) [junit.jar:?]
	at org.eclipse.jdt.internal.junit4.runner.JUnit4TestReference.run(JUnit4TestReference.java:50) [.cp/:?]
	at org.eclipse.jdt.internal.junit.runner.TestExecution.run(TestExecution.java:38) [.cp/:?]
	at org.eclipse.jdt.internal.junit.runner.RemoteTestRunner.runTests(RemoteTestRunner.java:459) [.cp/:?]
	at org.eclipse.jdt.internal.junit.runner.RemoteTestRunner.runTests(RemoteTestRunner.java:675) [.cp/:?]
	at org.eclipse.jdt.internal.junit.runner.RemoteTestRunner.run(RemoteTestRunner.java:382) [.cp/:?]
	at org.eclipse.jdt.internal.junit.runner.RemoteTestRunner.main(RemoteTestRunner.java:192) [.cp/:?]
